[0.274s] DEBUG:colcon:Command line arguments: ['/usr/bin/colcon', 'list', '-p', '--base-paths', '/home/yifanwang/object_manipulation']
[0.274s] DEBUG:colcon:Parsed command line arguments: Namespace(log_base=None, log_level=None, verb_name='list', build_base='build', ignore_user_meta=False, metas=['./colcon.meta'], base_paths=['/home/yifanwang/object_manipulation'], packages_ignore=None, packages_ignore_regex=None, paths=None, packages_up_to=None, packages_up_to_regex=None, packages_above=None, packages_above_and_dependencies=None, packages_above_depth=None, packages_select_by_dep=None, packages_skip_by_dep=None, packages_skip_up_to=None, packages_select_build_failed=False, packages_skip_build_finished=False, packages_select_test_failures=False, packages_skip_test_passed=False, packages_select=None, packages_skip=None, packages_select_regex=None, packages_skip_regex=None, packages_start=None, packages_end=None, allow_overriding=[], topological_order=False, names_only=False, paths_only=True, topological_graph=False, topological_graph_dot=False, topological_graph_density=False, topological_graph_legend=False, topological_graph_dot_cluster=False, topological_graph_dot_include_skipped=False, mixin_files=None, mixin=None, verb_parser=<colcon_mixin.mixin.mixin_argument.MixinArgumentDecorator object at 0x74f54263ace0>, verb_extension=<colcon_package_information.verb.list.ListVerb object at 0x74f542639d50>, main=<bound method ListVerb.main of <colcon_package_information.verb.list.ListVerb object at 0x74f542639d50>>, mixin_verb=('list',))
[0.804s] Level 1:colcon.colcon_core.package_discovery:discover_packages(colcon_meta) check parameters
[0.804s] Level 1:colcon.colcon_core.package_discovery:discover_packages(recursive) check parameters
[0.804s] Level 1:colcon.colcon_core.package_discovery:discover_packages(ignore) check parameters
[0.804s] Level 1:colcon.colcon_core.package_discovery:discover_packages(path) check parameters
[0.804s] Level 1:colcon.colcon_core.package_discovery:discover_packages(recursive) discover
[0.804s] INFO:colcon.colcon_core.package_discovery:Crawling recursively for packages in '/home/yifanwang/object_manipulation'
[0.804s] Level 1:colcon.colcon_core.package_identification:_identify(/home/yifanwang/object_manipulation) by extensions ['ignore', 'ignore_ament_install']
[0.804s] Level 1:colcon.colcon_core.package_identification:_identify(/home/yifanwang/object_manipulation) by extension 'ignore'
[0.805s] Level 1:colcon.colcon_core.package_identification:_identify(/home/yifanwang/object_manipulation) by extension 'ignore_ament_install'
[0.805s] Level 1:colcon.colcon_core.package_identification:_identify(/home/yifanwang/object_manipulation) by extensions ['colcon_pkg']
[0.805s] Level 1:colcon.colcon_core.package_identification:_identify(/home/yifanwang/object_manipulation) by extension 'colcon_pkg'
[0.805s] Level 1:colcon.colcon_core.package_identification:_identify(/home/yifanwang/object_manipulation) by extensions ['colcon_meta']
[0.805s] Level 1:colcon.colcon_core.package_identification:_identify(/home/yifanwang/object_manipulation) by extension 'colcon_meta'
[0.805s] Level 1:colcon.colcon_core.package_identification:_identify(/home/yifanwang/object_manipulation) by extensions ['ros']
[0.805s] Level 1:colcon.colcon_core.package_identification:_identify(/home/yifanwang/object_manipulation) by extension 'ros'
[0.848s] Level 1:colcon.colcon_core.package_identification:_identify(/home/yifanwang/object_manipulation) by extensions ['cmake', 'python']
[0.848s] Level 1:colcon.colcon_core.package_identification:_identify(/home/yifanwang/object_manipulation) by extension 'cmake'
[0.848s] Level 1:colcon.colcon_core.package_identification:_identify(/home/yifanwang/object_manipulation) by extension 'python'
[0.848s] Level 1:colcon.colcon_core.package_identification:_identify(/home/yifanwang/object_manipulation) by extensions ['python_setup_py']
[0.848s] Level 1:colcon.colcon_core.package_identification:_identify(/home/yifanwang/object_manipulation) by extension 'python_setup_py'
[0.849s] Level 1:colcon.colcon_core.package_identification:_identify(/home/yifanwang/object_manipulation/log) by extensions ['ignore', 'ignore_ament_install']
[0.849s] Level 1:colcon.colcon_core.package_identification:_identify(/home/yifanwang/object_manipulation/log) by extension 'ignore'
[0.849s] Level 1:colcon.colcon_core.package_identification:_identify(/home/yifanwang/object_manipulation/log) ignored
[0.849s] Level 1:colcon.colcon_core.package_identification:_identify(/home/yifanwang/object_manipulation/src) by extensions ['ignore', 'ignore_ament_install']
[0.849s] Level 1:colcon.colcon_core.package_identification:_identify(/home/yifanwang/object_manipulation/src) by extension 'ignore'
[0.849s] Level 1:colcon.colcon_core.package_identification:_identify(/home/yifanwang/object_manipulation/src) by extension 'ignore_ament_install'
[0.850s] Level 1:colcon.colcon_core.package_identification:_identify(/home/yifanwang/object_manipulation/src) by extensions ['colcon_pkg']
[0.850s] Level 1:colcon.colcon_core.package_identification:_identify(/home/yifanwang/object_manipulation/src) by extension 'colcon_pkg'
[0.850s] Level 1:colcon.colcon_core.package_identification:_identify(/home/yifanwang/object_manipulation/src) by extensions ['colcon_meta']
[0.850s] Level 1:colcon.colcon_core.package_identification:_identify(/home/yifanwang/object_manipulation/src) by extension 'colcon_meta'
[0.850s] Level 1:colcon.colcon_core.package_identification:_identify(/home/yifanwang/object_manipulation/src) by extensions ['ros']
[0.850s] Level 1:colcon.colcon_core.package_identification:_identify(/home/yifanwang/object_manipulation/src) by extension 'ros'
[0.850s] Level 1:colcon.colcon_core.package_identification:_identify(/home/yifanwang/object_manipulation/src) by extensions ['cmake', 'python']
[0.850s] Level 1:colcon.colcon_core.package_identification:_identify(/home/yifanwang/object_manipulation/src) by extension 'cmake'
[0.850s] Level 1:colcon.colcon_core.package_identification:_identify(/home/yifanwang/object_manipulation/src) by extension 'python'
[0.850s] Level 1:colcon.colcon_core.package_identification:_identify(/home/yifanwang/object_manipulation/src) by extensions ['python_setup_py']
[0.850s] Level 1:colcon.colcon_core.package_identification:_identify(/home/yifanwang/object_manipulation/src) by extension 'python_setup_py'
[0.850s] Level 1:colcon.colcon_core.package_identification:_identify(/home/yifanwang/object_manipulation/src/pose_publisher_py2) by extensions ['ignore', 'ignore_ament_install']
[0.851s] Level 1:colcon.colcon_core.package_identification:_identify(/home/yifanwang/object_manipulation/src/pose_publisher_py2) by extension 'ignore'
[0.851s] Level 1:colcon.colcon_core.package_identification:_identify(/home/yifanwang/object_manipulation/src/pose_publisher_py2) by extension 'ignore_ament_install'
[0.851s] Level 1:colcon.colcon_core.package_identification:_identify(/home/yifanwang/object_manipulation/src/pose_publisher_py2) by extensions ['colcon_pkg']
[0.851s] Level 1:colcon.colcon_core.package_identification:_identify(/home/yifanwang/object_manipulation/src/pose_publisher_py2) by extension 'colcon_pkg'
[0.851s] Level 1:colcon.colcon_core.package_identification:_identify(/home/yifanwang/object_manipulation/src/pose_publisher_py2) by extensions ['colcon_meta']
[0.851s] Level 1:colcon.colcon_core.package_identification:_identify(/home/yifanwang/object_manipulation/src/pose_publisher_py2) by extension 'colcon_meta'
[0.851s] Level 1:colcon.colcon_core.package_identification:_identify(/home/yifanwang/object_manipulation/src/pose_publisher_py2) by extensions ['ros']
[0.851s] Level 1:colcon.colcon_core.package_identification:_identify(/home/yifanwang/object_manipulation/src/pose_publisher_py2) by extension 'ros'
[0.856s] DEBUG:colcon.colcon_core.package_identification:Package '/home/yifanwang/object_manipulation/src/pose_publisher_py2' with type 'ros.ament_python' and name 'pose_publisher_py2'
[0.856s] Level 1:colcon.colcon_core.package_discovery:discover_packages(recursive) using defaults
